<?xml version="1.0" encoding="UTF-8"?>
<!-- Generated by org.testng.reporters.JUnitXMLReporter -->
<testsuite hostname="LAPTOP-V9OJ1QV1" ignored="0" name="SwarmHRAutomationTest" tests="1" failures="1" timestamp="18 Mar 2022 05:28:59 GMT" time="0.141" errors="0">
  <testcase name="logintest" time="0.0" classname="com.swarmhraut.testcases.LoginTest">
    <failure type="org.testng.TestNGException" message="
Method public void com.swarmhraut.testcases.LoginTest.logintest(java.lang.String,java.lang.String) throws java.lang.InterruptedException requires a @DataProvider named : getdata">
      <![CDATA[org.testng.TestNGException: 
Method public void com.swarmhraut.testcases.LoginTest.logintest(java.lang.String,java.lang.String) throws java.lang.InterruptedException requires a @DataProvider named : getdata
... Removed 22 stack frames]]>
    </failure>
  </testcase> <!-- logintest -->
</testsuite> <!-- SwarmHRAutomationTest -->
